19.246 -44.687 4.0484
197.75 -132.95 2.3789
65.189 66.838 5.0993
135.65 -82.102 3.3478
-33.478 -36.726 2.2037
147.73 103.88 5.8999
-14.051 77.63 5.5037
-187.77 -56.968 3.4567
199.44 -54.551 3.9111
219.01 -49.115 3.6885
74.127 113.02 1.3053
24.718 -4.6199 1.8928
66.22 -18.265 2.9589
-272.85 25.142 1.4482
14.203 -43.451 5.3049
155.65 192.75 1.2237
-142.38 76.234 1.4195
257.92 -150.93 1.0726
6.1469 -22.633 1.4305
128.53 -33.437 2.7376
-17.861 -26.547 1.9547
281.34 64.208 5.8018
0.81101 -1.1292 2.7031
212.77 -93.674 1.1612
-106.16 -221.02 5.6855
12.669 -260.3 6.1559
-1.0927 -25.307 2.7575
-93.472 75.149 0.69818
-43.627 -64.611 1.6215
114.06 211.19 2.5681
-35.291 -124.52 3.7378
267.75 54.278 1.6475
-9.1845 53.775 3.7878
75.834 22.638 4.4687
35.78 25.023 1.3933
18.179 -36.549 0.73776
-88.603 -245.27 1.8641
-71.168 158.68 2.0029
156.96 -50.756 2.6651
42.472 9.3385 3.191
-237.19 96.081 0.53731
-137.28 126.41 1.6492
10.249 -104.79 5.0329
43.143 -147.81 0.1836
46.568 111.18 5.8362
-22.743 1.4647 4.5888
-67.809 24.131 3.07
-22.433 -29.418 3.635
-13.934 -53.384 1.4909
2.1195 -71.955 2.883
-20.378 123.51 6.0513
-6.3677 -13.467 3.4357
-152.08 -224.08 3.2744
147.93 241.77 1.4552
107.98 100.13 3.0718
-146.77 1.5087 3.9211
98.092 -25.354 4.2671
-145.23 227.63 2.4851
-95.253 -56.549 2.3087
5.4646 32.91 6.2077
1.8635 -234.07 0.23712
-3.7424 116.86 5.5617
-72.457 -2.7133 5.7384
-38.113 -115.02 5.0026
22.4 -18.318 0.62023
38.304 -10.017 1.6454
-270.27 -82.617 2.1071
184.74 219.43 4.2709
102.05 139.15 0.85799
-0.84573 17.914 4.5316
38.008 -59.299 0.6708
-2.8503 105.91 4.1077
96.824 -226.53 3.105
0.18795 4.6172 4.8949
11.653 -5.5496 4.4927
-29.795 41.018 5.6782
64.124 183.87 5.5978
-1.4949 219.51 2.0996
-144.92 -129.46 4.3903
-133.38 22.597 1.2429
-97.836 131.75 0.19189
43.231 -77.676 4.6752
-192.11 -114.04 3.1417
-53.942 -17.423 3.0154
178.77 -102.42 5.6845
-12.293 53.663 3.8319
4.9994 -110.43 3.8809
4.3972 -187.63 5.4
-171.08 159.75 5.061
-22.161 -10.06 3.6236
247.74 127.91 1.1493
219.47 77.383 1.5075
-143.31 -28.083 5.5701
23.829 -128.57 0.18017
122.68 -53.995 3.0781
62.953 66.959 1.0551
-138.51 -63.932 6.1492
-150.41 29.289 4.478
244.6 18.326 3.1446
-124.11 203.61 2.9599
